# JRE version: OpenJDK Runtime Environment Temurin-19.0.1+10 (19.0.1+10) (build 19.0.1+10)
# Java VM: OpenJDK Client VM Temurin-19.0.1+10 (19.0.1+10, mixed mode, emulated-client, serial gc, windows-x86)
GC Precious Log:
 CardTable entry size: 512
 CPUs: 12 total, 12 available
 Memory: 16302M
 Large Page Support: Disabled
 NUMA Support: Disabled
 Compressed Oops: Disabled
 Heap Min Capacity: 6M
 Heap Initial Capacity: 16M
 Heap Max Capacity: 256M
 Pre-touch: Disabled
Heap:
 def new generation   total 4928K, used 4467K [0x04c00000, 0x05150000, 0x0a150000)
  eden space 4416K,  89% used [0x04c00000, 0x04fdcf00, 0x05050000)
  from space 512K, 100% used [0x050d0000, 0x05150000, 0x05150000)
  to   space 512K,   0% used [0x05050000, 0x05050000, 0x050d0000)
 tenured generation   total 10944K, used 7774K [0x0a150000, 0x0ac00000, 0x14c00000)
   the space 10944K,  71% used [0x0a150000, 0x0a8e7848, 0x0a8e7a00, 0x0ac00000)
 Metaspace       used 15061K, committed 15232K, reserved 16384K
GC Heap History (18 events):
Event: 0.257 GC heap before
{Heap before GC invocations=0 (full 0):
 def new generation   total 4928K, used 4416K [0x04c00000, 0x05150000, 0x0a150000)
  eden space 4416K, 100% used [0x04c00000, 0x05050000, 0x05050000)
  from space 512K,   0% used [0x05050000, 0x05050000, 0x050d0000)
  to   space 512K,   0% used [0x050d0000, 0x050d0000, 0x05150000)
 tenured generation   total 10944K, used 0K [0x0a150000, 0x0ac00000, 0x14c00000)
   the space 10944K,   0% used [0x0a150000, 0x0a150000, 0x0a150200, 0x0ac00000)
 Metaspace       used 8505K, committed 8576K, reserved 16384K
}
Event: 0.260 GC heap after
{Heap after GC invocations=1 (full 0):
 def new generation   total 4928K, used 512K [0x04c00000, 0x05150000, 0x0a150000)
  eden space 4416K,   0% used [0x04c00000, 0x04c00000, 0x05050000)
  from space 512K, 100% used [0x050d0000, 0x05150000, 0x05150000)
  to   space 512K,   0% used [0x05050000, 0x05050000, 0x050d0000)
 tenured generation   total 10944K, used 1334K [0x0a150000, 0x0ac00000, 0x14c00000)
   the space 10944K,  12% used [0x0a150000, 0x0a29da20, 0x0a29dc00, 0x0ac00000)
 Metaspace       used 8505K, committed 8576K, reserved 16384K
}
Event: 0.357 GC heap before
{Heap before GC invocations=1 (full 0):
 def new generation   total 4928K, used 4928K [0x04c00000, 0x05150000, 0x0a150000)
  eden space 4416K, 100% used [0x04c00000, 0x05050000, 0x05050000)
  from space 512K, 100% used [0x050d0000, 0x05150000, 0x05150000)
  to   space 512K,   0% used [0x05050000, 0x05050000, 0x050d0000)
 tenured generation   total 10944K, used 1334K [0x0a150000, 0x0ac00000, 0x14c00000)
   the space 10944K,  12% used [0x0a150000, 0x0a29da20, 0x0a29dc00, 0x0ac00000)
 Metaspace       used 9975K, committed 10112K, reserved 16384K
}
Event: 0.362 GC heap after
{Heap after GC invocations=2 (full 0):
 def new generation   total 4928K, used 512K [0x04c00000, 0x05150000, 0x0a150000)
  eden space 4416K,   0% used [0x04c00000, 0x04c00000, 0x05050000)
  from space 512K, 100% used [0x05050000, 0x050d0000, 0x050d0000)
  to   space 512K,   0% used [0x050d0000, 0x050d0000, 0x05150000)
 tenured generation   total 10944K, used 2505K [0x0a150000, 0x0ac00000, 0x14c00000)
   the space 10944K,  22% used [0x0a150000, 0x0a3c24a8, 0x0a3c2600, 0x0ac00000)
 Metaspace       used 9975K, committed 10112K, reserved 16384K
}
Event: 0.380 GC heap before
{Heap before GC invocations=2 (full 0):
 def new generation   total 4928K, used 4928K [0x04c00000, 0x05150000, 0x0a150000)
  eden space 4416K, 100% used [0x04c00000, 0x05050000, 0x05050000)
  from space 512K, 100% used [0x05050000, 0x050d0000, 0x050d0000)
  to   space 512K,   0% used [0x050d0000, 0x050d0000, 0x05150000)
 tenured generation   total 10944K, used 2505K [0x0a150000, 0x0ac00000, 0x14c00000)
   the space 10944K,  22% used [0x0a150000, 0x0a3c24a8, 0x0a3c2600, 0x0ac00000)
 Metaspace       used 10009K, committed 10112K, reserved 16384K
}
Event: 0.383 GC heap after
{Heap after GC invocations=3 (full 0):
 def new generation   total 4928K, used 512K [0x04c00000, 0x05150000, 0x0a150000)
  eden space 4416K,   0% used [0x04c00000, 0x04c00000, 0x05050000)
  from space 512K, 100% used [0x050d0000, 0x05150000, 0x05150000)
  to   space 512K,   0% used [0x05050000, 0x05050000, 0x050d0000)
 tenured generation   total 10944K, used 3059K [0x0a150000, 0x0ac00000, 0x14c00000)
   the space 10944K,  27% used [0x0a150000, 0x0a44cdb8, 0x0a44ce00, 0x0ac00000)
 Metaspace       used 10009K, committed 10112K, reserved 16384K
}
Event: 0.392 GC heap before
{Heap before GC invocations=3 (full 0):
 def new generation   total 4928K, used 4928K [0x04c00000, 0x05150000, 0x0a150000)
  eden space 4416K, 100% used [0x04c00000, 0x05050000, 0x05050000)
  from space 512K, 100% used [0x050d0000, 0x05150000, 0x05150000)
  to   space 512K,   0% used [0x05050000, 0x05050000, 0x050d0000)
 tenured generation   total 10944K, used 3059K [0x0a150000, 0x0ac00000, 0x14c00000)
   the space 10944K,  27% used [0x0a150000, 0x0a44cdb8, 0x0a44ce00, 0x0ac00000)
 Metaspace       used 10009K, committed 10112K, reserved 16384K
}
Event: 0.393 GC heap after
{Heap after GC invocations=4 (full 0):
 def new generation   total 4928K, used 511K [0x04c00000, 0x05150000, 0x0a150000)
  eden space 4416K,   0% used [0x04c00000, 0x04c00000, 0x05050000)
  from space 512K,  99% used [0x05050000, 0x050cfff8, 0x050d0000)
  to   space 512K,   0% used [0x050d0000, 0x050d0000, 0x05150000)
 tenured generation   total 10944K, used 3525K [0x0a150000, 0x0ac00000, 0x14c00000)
   the space 10944K,  32% used [0x0a150000, 0x0a4c14f0, 0x0a4c1600, 0x0ac00000)
 Metaspace       used 10009K, committed 10112K, reserved 16384K
}
Event: 0.406 GC heap before
{Heap before GC invocations=4 (full 0):
 def new generation   total 4928K, used 4927K [0x04c00000, 0x05150000, 0x0a150000)
  eden space 4416K, 100% used [0x04c00000, 0x05050000, 0x05050000)
  from space 512K,  99% used [0x05050000, 0x050cfff8, 0x050d0000)
  to   space 512K,   0% used [0x050d0000, 0x050d0000, 0x05150000)
 tenured generation   total 10944K, used 3525K [0x0a150000, 0x0ac00000, 0x14c00000)
   the space 10944K,  32% used [0x0a150000, 0x0a4c14f0, 0x0a4c1600, 0x0ac00000)
 Metaspace       used 10057K, committed 10176K, reserved 16384K
}
Event: 0.408 GC heap after
{Heap after GC invocations=5 (full 0):
 def new generation   total 4928K, used 512K [0x04c00000, 0x05150000, 0x0a150000)
  eden space 4416K,   0% used [0x04c00000, 0x04c00000, 0x05050000)
  from space 512K, 100% used [0x050d0000, 0x05150000, 0x05150000)
  to   space 512K,   0% used [0x05050000, 0x05050000, 0x050d0000)
 tenured generation   total 10944K, used 4184K [0x0a150000, 0x0ac00000, 0x14c00000)
   the space 10944K,  38% used [0x0a150000, 0x0a566330, 0x0a566400, 0x0ac00000)
 Metaspace       used 10057K, committed 10176K, reserved 16384K
}
Event: 0.424 GC heap before
{Heap before GC invocations=5 (full 0):
 def new generation   total 4928K, used 4928K [0x04c00000, 0x05150000, 0x0a150000)
  eden space 4416K, 100% used [0x04c00000, 0x05050000, 0x05050000)
  from space 512K, 100% used [0x050d0000, 0x05150000, 0x05150000)
  to   space 512K,   0% used [0x05050000, 0x05050000, 0x050d0000)
 tenured generation   total 10944K, used 4184K [0x0a150000, 0x0ac00000, 0x14c00000)
   the space 10944K,  38% used [0x0a150000, 0x0a566330, 0x0a566400, 0x0ac00000)
 Metaspace       used 10100K, committed 10176K, reserved 16384K
}
Event: 0.426 GC heap after
{Heap after GC invocations=6 (full 0):
 def new generation   total 4928K, used 512K [0x04c00000, 0x05150000, 0x0a150000)
  eden space 4416K,   0% used [0x04c00000, 0x04c00000, 0x05050000)
  from space 512K, 100% used [0x05050000, 0x050d0000, 0x050d0000)
  to   space 512K,   0% used [0x050d0000, 0x050d0000, 0x05150000)
 tenured generation   total 10944K, used 5083K [0x0a150000, 0x0ac00000, 0x14c00000)
   the space 10944K,  46% used [0x0a150000, 0x0a646f88, 0x0a647000, 0x0ac00000)
 Metaspace       used 10100K, committed 10176K, reserved 16384K
}
Event: 0.457 GC heap before
{Heap before GC invocations=6 (full 0):
 def new generation   total 4928K, used 4928K [0x04c00000, 0x05150000, 0x0a150000)
  eden space 4416K, 100% used [0x04c00000, 0x05050000, 0x05050000)
  from space 512K, 100% used [0x05050000, 0x050d0000, 0x050d0000)
  to   space 512K,   0% used [0x050d0000, 0x050d0000, 0x05150000)
 tenured generation   total 10944K, used 5083K [0x0a150000, 0x0ac00000, 0x14c00000)
   the space 10944K,  46% used [0x0a150000, 0x0a646f88, 0x0a647000, 0x0ac00000)
 Metaspace       used 10326K, committed 10432K, reserved 16384K
}
Event: 0.460 GC heap after
{Heap after GC invocations=7 (full 0):
 def new generation   total 4928K, used 512K [0x04c00000, 0x05150000, 0x0a150000)
  eden space 4416K,   0% used [0x04c00000, 0x04c00000, 0x05050000)
  from space 512K, 100% used [0x050d0000, 0x05150000, 0x05150000)
  to   space 512K,   0% used [0x05050000, 0x05050000, 0x050d0000)
 tenured generation   total 10944K, used 5974K [0x0a150000, 0x0ac00000, 0x14c00000)
   the space 10944K,  54% used [0x0a150000, 0x0a7259f8, 0x0a725a00, 0x0ac00000)
 Metaspace       used 10326K, committed 10432K, reserved 16384K
}
Event: 0.526 GC heap before
{Heap before GC invocations=7 (full 0):
 def new generation   total 4928K, used 4928K [0x04c00000, 0x05150000, 0x0a150000)
  eden space 4416K, 100% used [0x04c00000, 0x05050000, 0x05050000)
  from space 512K, 100% used [0x050d0000, 0x05150000, 0x05150000)
  to   space 512K,   0% used [0x05050000, 0x05050000, 0x050d0000)
 tenured generation   total 10944K, used 5974K [0x0a150000, 0x0ac00000, 0x14c00000)
   the space 10944K,  54% used [0x0a150000, 0x0a7259f8, 0x0a725a00, 0x0ac00000)
 Metaspace       used 10728K, committed 10880K, reserved 16384K
}
Event: 0.529 GC heap after
{Heap after GC invocations=8 (full 0):
 def new generation   total 4928K, used 512K [0x04c00000, 0x05150000, 0x0a150000)
  eden space 4416K,   0% used [0x04c00000, 0x04c00000, 0x05050000)
  from space 512K, 100% used [0x05050000, 0x050d0000, 0x050d0000)
  to   space 512K,   0% used [0x050d0000, 0x050d0000, 0x05150000)
 tenured generation   total 10944K, used 6716K [0x0a150000, 0x0ac00000, 0x14c00000)
   the space 10944K,  61% used [0x0a150000, 0x0a7df090, 0x0a7df200, 0x0ac00000)
 Metaspace       used 10728K, committed 10880K, reserved 16384K
}
Event: 0.551 GC heap before
{Heap before GC invocations=8 (full 0):
 def new generation   total 4928K, used 4928K [0x04c00000, 0x05150000, 0x0a150000)
  eden space 4416K, 100% used [0x04c00000, 0x05050000, 0x05050000)
  from space 512K, 100% used [0x05050000, 0x050d0000, 0x050d0000)
  to   space 512K,   0% used [0x050d0000, 0x050d0000, 0x05150000)
 tenured generation   total 10944K, used 6716K [0x0a150000, 0x0ac00000, 0x14c00000)
   the space 10944K,  61% used [0x0a150000, 0x0a7df090, 0x0a7df200, 0x0ac00000)
 Metaspace       used 10891K, committed 11008K, reserved 16384K
}
Event: 0.554 GC heap after
{Heap after GC invocations=9 (full 0):
 def new generation   total 4928K, used 512K [0x04c00000, 0x05150000, 0x0a150000)
  eden space 4416K,   0% used [0x04c00000, 0x04c00000, 0x05050000)
  from space 512K, 100% used [0x050d0000, 0x05150000, 0x05150000)
  to   space 512K,   0% used [0x05050000, 0x05050000, 0x050d0000)
 tenured generation   total 10944K, used 7774K [0x0a150000, 0x0ac00000, 0x14c00000)
   the space 10944K,  71% used [0x0a150000, 0x0a8e7848, 0x0a8e7a00, 0x0ac00000)
 Metaspace       used 10891K, committed 11008K, reserved 16384K
}

